<?xml version="1.0" encoding="UTF-8"?>
<!-- Generated by org.testng.reporters.JUnitReportReporter -->
<testsuite hostname="DESKTOP-NDN7BPN" name="Academy.validateNavigationBar" tests="1" failures="0" timestamp="21 May 2020 05:22:28 GMT" time="0.547" errors="0">
  <testcase name="validateAppNavBar" time="0.547" classname="Academy.validateNavigationBar"/>
</testsuite> <!-- Academy.validateNavigationBar -->
