<?xml version="1.0" encoding="UTF-8"?>
<!-- Generated by org.testng.reporters.JUnitReportReporter -->
<testsuite hostname="DESKTOP-NDN7BPN" name="Academy.HomePage" tests="2" failures="0" timestamp="21 May 2020 05:22:28 GMT" time="61.173" errors="0">
  <testcase name="basePageNavigation" time="42.028" classname="Academy.HomePage"/>
  <testcase name="basePageNavigation" time="19.145" classname="Academy.HomePage"/>
</testsuite> <!-- Academy.HomePage -->
